
09:28:44.088 [info] Loading 150 CA(s) from :otp store

09:28:44.305 id=1 [debug] handled request client -> server initialize in 98ms

09:28:44.312 [debug] sent notification server -> client window/logMessage

09:28:44.313 [debug] handled notification client -> server textDocument/didOpen in 4ms

09:28:44.316 [debug] NextLS v0.23.4 has initialized!

09:28:44.316 [debug] sent notification server -> client window/logMessage

09:28:44.317 [debug] Log file located at /home/ongera/projects/wazi_bet/lib/wazi_bet_web/plugs/.elixir-tools/next-ls.log

09:28:44.319 [debug] sent notification server -> client window/logMessage

09:28:44.319 [info] [extension] Credo initializing with options %NextLS.InitOpts.Extensions.Credo{enable: true, cli_options: []}

09:28:51.561 [debug] sent notification server -> client window/logMessage

09:28:51.561 [debug] Booting runtimes...

09:28:51.564 id=66 [debug] sent request server -> client window/workDoneProgress/create

09:28:51.568 [debug] sent notification server -> client $/progress

09:28:51.578 [debug] sent notification server -> client window/logMessage

09:28:51.578 [info] Beginning DB migration...

09:28:51.584 [debug] sent notification server -> client window/logMessage

09:28:51.584 [info] Database is on the latest version: 7

09:28:51.584 [debug] sent notification server -> client window/logMessage

09:28:51.584 [info] Finished DB migration...

09:28:51.584 [debug] sent notification server -> client window/logMessage

09:28:51.584 [info] Booting runtime for wazi_bet.

- elixir: /home/ongera/.asdf/shims/elixir
- zombie wrapper script: /home/ongera/.local/share/.burrito/next_ls_erts-15.2_0.23.4/lib/next_ls-0.23.4/priv/cmd
- working_dir: /home/ongera/projects/wazi_bet
- command: /home/ongera/.asdf/shims/elixir --no-halt --sname nextls-runtime-1772692131584581409 --cookie HHYKTHK2JHVUZI3HDBMAF64GPJFPN4AV4Y7CQDE27SSFQKZPVAFQ==== -S mix loadpaths --no-compile

Environment: 

LSP=nextls
NEXTLS_PARENT_PID=g1h3Im5leHQtbHMtMTc3MjY5MjEyNDEwMDIzOTQwNUBwYXJyb3QAAADnAAAAAGmpIp0=
MIX_ENV=dev
MIX_TARGET=host
MIX_BUILD_ROOT=.elixir-tools/_build
ROOTDIR=false
BINDIR=false
RELEASE_ROOT=false
RELEASE_SYS_CONFIG=false
PATH=/home/ongera/.asdf/shims:/home/ongera/.local/share/.burrito/next_ls_erts-15.2_0.23.4/bin:/home/ongera/.local/share/nvim/mason/bin:/home/ongera/.local/bin:/snap/bin:/home/ongera/.local/bin:/snap/bin:/home/ongera/.local/bin:/snap/bin:/home/ongera/.local/bin:/snap/bin:/home/ongera/.asdf/shims:/home/ongera/Downloads/asdf-0.17.0/bin:/home/ongera/.local/bin:/snap/bin:/home/ongera/.local/bin:/snap/bin:/usr/local/sbin:/usr/sbin:/sbin:/usr/local/bin:/usr/bin:/bin:/usr/local/games:/usr/games:/snap/bin


09:28:51.585 [debug] handled notification client -> server initialized in 7277ms

09:28:52.624 [debug] sent notification server -> client window/logMessage

09:28:52.624 [info] Connected to node nextls-runtime-1772692131584581409@parrot

09:28:53.238 [debug] sent notification server -> client window/logMessage

09:28:53.240 [info] ** (ArgumentError) The module Phoenix.CodeReloader was given as a child to a supervisor but it does not exist
    (elixir 1.19.5) lib/supervisor.ex:814: Supervisor.init_child/1
    (elixir 1.19.5) lib/supervisor.ex:922: Supervisor.child_spec/2
    (elixir 1.19.5) lib/enum.ex:1688: Enum."-map/2-lists^map/1-1-"/2
    (mix 1.19.5) lib/mix/pubsub.ex:80: Mix.PubSub.listener_supervisor/0
    (mix 1.19.5) lib/mix/pubsub.ex:62: Mix.PubSub.start_listeners/0
    (mix 1.19.5) lib/mix/tasks/deps.loadpaths.ex:83: Mix.Tasks.Deps.Loadpaths.run/1
    (mix 1.19.5) lib/mix/task.ex:499: anonymous fn/3 in Mix.Task.run_task/5
    (mix 1.19.5) lib/mix/tasks/loadpaths.ex:43: Mix.Tasks.Loadpaths.run/1


09:28:53.241 [debug] sent notification server -> client window/logMessage

09:28:53.242 [error] Bad RPC call to node nextls-runtime-1772692131584581409@parrot: :nodedown

09:28:53.242 [debug] sent notification server -> client $/progress

09:28:53.244 [debug] sent notification server -> client window/logMessage

09:28:53.244 [error] Runtime for folder wazi_bet failed to initialize

09:28:53.250 [debug] sent notification server -> client window/logMessage

09:28:53.250 [info] The runtime for wazi_bet has successfully shut down.

09:29:41.119 id=2 [debug] handled request client -> server shutdown in 3ms
